2022-05-24 16:13:05.005  INFO 20892 --- [main] c.w.commuity2.Commuity2ApplicationTests  : Starting Commuity2ApplicationTests using Java 1.8.0_321 on LAPTOP-3RDERNRF with PID 20892 (started by 秀 in F:\Java 学习\commuity2)
2022-05-24 16:13:05.010  INFO 20892 --- [main] c.w.commuity2.Commuity2ApplicationTests  : No active profile set, falling back to 1 default profile: "default"
2022-05-24 16:13:06.934  INFO 20892 --- [main] o.s.b.a.w.s.WelcomePageHandlerMapping    : Adding welcome page template: index
2022-05-24 16:13:07.297  INFO 20892 --- [main] c.w.commuity2.Commuity2ApplicationTests  : Started Commuity2ApplicationTests in 2.662 seconds (JVM running for 3.658)
2022-05-24 17:10:45.371  INFO 11776 --- [restartedMain] com.work.commuity2.Commuity2Application  : Starting Commuity2Application using Java 1.8.0_321 on LAPTOP-3RDERNRF with PID 11776 (F:\Java 学习\commuity2\target\classes started by 秀 in F:\Java 学习\commuity2)
2022-05-24 17:10:45.374  INFO 11776 --- [restartedMain] com.work.commuity2.Commuity2Application  : No active profile set, falling back to 1 default profile: "default"
2022-05-24 17:10:45.436  INFO 11776 --- [restartedMain] .e.DevToolsPropertyDefaultsPostProcessor : Devtools property defaults active! Set 'spring.devtools.add-properties' to 'false' to disable
2022-05-24 17:10:45.437  INFO 11776 --- [restartedMain] .e.DevToolsPropertyDefaultsPostProcessor : For additional web related logging consider setting the 'logging.level.web' property to 'DEBUG'
2022-05-24 17:10:46.456  INFO 11776 --- [restartedMain] o.s.b.w.embedded.tomcat.TomcatWebServer  : Tomcat initialized with port(s): 8887 (http)
2022-05-24 17:10:46.457  INFO 11776 --- [restartedMain] o.a.catalina.core.AprLifecycleListener   : An older version [1.2.23] of the Apache Tomcat Native library is installed, while Tomcat recommends a minimum version of [1.2.30]
2022-05-24 17:10:46.457  INFO 11776 --- [restartedMain] o.a.catalina.core.AprLifecycleListener   : Loaded Apache Tomcat Native library [1.2.23] using APR version [1.7.0].
2022-05-24 17:10:46.457  INFO 11776 --- [restartedMain] o.a.catalina.core.AprLifecycleListener   : APR capabilities: IPv6 [true], sendfile [true], accept filters [false], random [true], UDS [false].
2022-05-24 17:10:46.457  INFO 11776 --- [restartedMain] o.a.catalina.core.AprLifecycleListener   : APR/OpenSSL configuration: useAprConnector [false], useOpenSSL [true]
2022-05-24 17:10:46.485  INFO 11776 --- [restartedMain] o.a.catalina.core.AprLifecycleListener   : OpenSSL successfully initialized [OpenSSL 1.1.1c  28 May 2019]
2022-05-24 17:10:46.493  INFO 11776 --- [restartedMain] o.apache.catalina.core.StandardService   : Starting service [Tomcat]
2022-05-24 17:10:46.493  INFO 11776 --- [restartedMain] org.apache.catalina.core.StandardEngine  : Starting Servlet engine: [Apache Tomcat/9.0.62]
2022-05-24 17:10:46.597  INFO 11776 --- [restartedMain] o.a.c.c.C.[Tomcat].[localhost].[/]       : Initializing Spring embedded WebApplicationContext
2022-05-24 17:10:46.598  INFO 11776 --- [restartedMain] w.s.c.ServletWebServerApplicationContext : Root WebApplicationContext: initialization completed in 1161 ms
2022-05-24 17:10:47.302  INFO 11776 --- [restartedMain] o.s.b.a.w.s.WelcomePageHandlerMapping    : Adding welcome page template: index
2022-05-24 17:10:47.502  INFO 11776 --- [restartedMain] o.s.b.d.a.OptionalLiveReloadServer       : LiveReload server is running on port 35729
2022-05-24 17:10:47.537  INFO 11776 --- [restartedMain] o.s.b.w.embedded.tomcat.TomcatWebServer  : Tomcat started on port(s): 8887 (http) with context path ''
2022-05-24 17:10:47.550  INFO 11776 --- [restartedMain] com.work.commuity2.Commuity2Application  : Started Commuity2Application in 2.889 seconds (JVM running for 5.12)
2022-05-24 17:10:53.958  INFO 17136 --- [restartedMain] com.work.commuity2.Commuity2Application  : Starting Commuity2Application using Java 1.8.0_321 on LAPTOP-3RDERNRF with PID 17136 (F:\Java 学习\commuity2\target\classes started by 秀 in F:\Java 学习\commuity2)
2022-05-24 17:10:53.960  INFO 17136 --- [restartedMain] com.work.commuity2.Commuity2Application  : No active profile set, falling back to 1 default profile: "default"
2022-05-24 17:10:54.007  INFO 17136 --- [restartedMain] .e.DevToolsPropertyDefaultsPostProcessor : Devtools property defaults active! Set 'spring.devtools.add-properties' to 'false' to disable
2022-05-24 17:10:54.008  INFO 17136 --- [restartedMain] .e.DevToolsPropertyDefaultsPostProcessor : For additional web related logging consider setting the 'logging.level.web' property to 'DEBUG'
2022-05-24 17:10:54.874  INFO 17136 --- [restartedMain] o.s.b.w.embedded.tomcat.TomcatWebServer  : Tomcat initialized with port(s): 8887 (http)
2022-05-24 17:10:54.875  INFO 17136 --- [restartedMain] o.a.catalina.core.AprLifecycleListener   : An older version [1.2.23] of the Apache Tomcat Native library is installed, while Tomcat recommends a minimum version of [1.2.30]
2022-05-24 17:10:54.875  INFO 17136 --- [restartedMain] o.a.catalina.core.AprLifecycleListener   : Loaded Apache Tomcat Native library [1.2.23] using APR version [1.7.0].
2022-05-24 17:10:54.876  INFO 17136 --- [restartedMain] o.a.catalina.core.AprLifecycleListener   : APR capabilities: IPv6 [true], sendfile [true], accept filters [false], random [true], UDS [false].
2022-05-24 17:10:54.876  INFO 17136 --- [restartedMain] o.a.catalina.core.AprLifecycleListener   : APR/OpenSSL configuration: useAprConnector [false], useOpenSSL [true]
2022-05-24 17:10:54.878  INFO 17136 --- [restartedMain] o.a.catalina.core.AprLifecycleListener   : OpenSSL successfully initialized [OpenSSL 1.1.1c  28 May 2019]
2022-05-24 17:10:54.884  INFO 17136 --- [restartedMain] o.apache.catalina.core.StandardService   : Starting service [Tomcat]
2022-05-24 17:10:54.884  INFO 17136 --- [restartedMain] org.apache.catalina.core.StandardEngine  : Starting Servlet engine: [Apache Tomcat/9.0.62]
2022-05-24 17:10:54.964  INFO 17136 --- [restartedMain] o.a.c.c.C.[Tomcat].[localhost].[/]       : Initializing Spring embedded WebApplicationContext
2022-05-24 17:10:54.964  INFO 17136 --- [restartedMain] w.s.c.ServletWebServerApplicationContext : Root WebApplicationContext: initialization completed in 955 ms
2022-05-24 17:10:55.429  INFO 17136 --- [restartedMain] o.s.b.a.w.s.WelcomePageHandlerMapping    : Adding welcome page template: index
2022-05-24 17:10:55.594  INFO 17136 --- [restartedMain] o.s.b.d.a.OptionalLiveReloadServer       : LiveReload server is running on port 35729
2022-05-24 17:10:55.618  INFO 17136 --- [restartedMain] o.s.b.w.embedded.tomcat.TomcatWebServer  : Tomcat started on port(s): 8887 (http) with context path ''
2022-05-24 17:10:55.626  INFO 17136 --- [restartedMain] com.work.commuity2.Commuity2Application  : Started Commuity2Application in 2.015 seconds (JVM running for 3.245)
2022-05-24 17:11:44.859  INFO 17136 --- [http-nio-8887-exec-1] o.a.c.c.C.[Tomcat].[localhost].[/]       : Initializing Spring DispatcherServlet 'dispatcherServlet'
2022-05-24 17:11:44.859  INFO 17136 --- [http-nio-8887-exec-1] o.s.web.servlet.DispatcherServlet        : Initializing Servlet 'dispatcherServlet'
2022-05-24 17:11:44.861  INFO 17136 --- [http-nio-8887-exec-1] o.s.web.servlet.DispatcherServlet        : Completed initialization in 2 ms
2022-05-24 17:11:44.911  INFO 17136 --- [http-nio-8887-exec-1] com.zaxxer.hikari.HikariDataSource       : HikariPool-1 - Starting...
2022-05-24 17:11:45.999  INFO 17136 --- [http-nio-8887-exec-1] com.zaxxer.hikari.HikariDataSource       : HikariPool-1 - Start completed.
2022-05-24 17:24:15.449  INFO 17136 --- [Thread-9] com.zaxxer.hikari.HikariDataSource       : HikariPool-1 - Shutdown initiated...
2022-05-24 17:24:15.480  INFO 17136 --- [Thread-9] com.zaxxer.hikari.HikariDataSource       : HikariPool-1 - Shutdown completed.
2022-05-24 17:24:15.610  INFO 17136 --- [restartedMain] com.work.commuity2.Commuity2Application  : Starting Commuity2Application using Java 1.8.0_321 on LAPTOP-3RDERNRF with PID 17136 (F:\Java 学习\commuity2\target\classes started by 秀 in F:\Java 学习\commuity2)
2022-05-24 17:24:15.611  INFO 17136 --- [restartedMain] com.work.commuity2.Commuity2Application  : No active profile set, falling back to 1 default profile: "default"
2022-05-24 17:24:15.852  INFO 17136 --- [restartedMain] o.s.b.w.embedded.tomcat.TomcatWebServer  : Tomcat initialized with port(s): 8887 (http)
2022-05-24 17:24:15.852  INFO 17136 --- [restartedMain] o.a.catalina.core.AprLifecycleListener   : An older version [1.2.23] of the Apache Tomcat Native library is installed, while Tomcat recommends a minimum version of [1.2.30]
2022-05-24 17:24:15.852  INFO 17136 --- [restartedMain] o.a.catalina.core.AprLifecycleListener   : Loaded Apache Tomcat Native library [1.2.23] using APR version [1.7.0].
2022-05-24 17:24:15.852  INFO 17136 --- [restartedMain] o.a.catalina.core.AprLifecycleListener   : APR capabilities: IPv6 [true], sendfile [true], accept filters [false], random [true], UDS [false].
2022-05-24 17:24:15.852  INFO 17136 --- [restartedMain] o.a.catalina.core.AprLifecycleListener   : APR/OpenSSL configuration: useAprConnector [false], useOpenSSL [true]
2022-05-24 17:24:15.853  INFO 17136 --- [restartedMain] o.a.catalina.core.AprLifecycleListener   : OpenSSL successfully initialized [OpenSSL 1.1.1c  28 May 2019]
2022-05-24 17:24:15.853  INFO 17136 --- [restartedMain] o.apache.catalina.core.StandardService   : Starting service [Tomcat]
2022-05-24 17:24:15.854  INFO 17136 --- [restartedMain] org.apache.catalina.core.StandardEngine  : Starting Servlet engine: [Apache Tomcat/9.0.62]
2022-05-24 17:24:15.888  INFO 17136 --- [restartedMain] o.a.c.c.C.[Tomcat].[localhost].[/]       : Initializing Spring embedded WebApplicationContext
2022-05-24 17:24:15.888  INFO 17136 --- [restartedMain] w.s.c.ServletWebServerApplicationContext : Root WebApplicationContext: initialization completed in 276 ms
2022-05-24 17:24:15.993  INFO 17136 --- [restartedMain] o.s.b.a.w.s.WelcomePageHandlerMapping    : Adding welcome page template: index
2022-05-24 17:24:16.022  INFO 17136 --- [restartedMain] o.s.b.d.a.OptionalLiveReloadServer       : LiveReload server is running on port 35729
2022-05-24 17:24:16.030  INFO 17136 --- [restartedMain] o.s.b.w.embedded.tomcat.TomcatWebServer  : Tomcat started on port(s): 8887 (http) with context path ''
2022-05-24 17:24:16.032  INFO 17136 --- [restartedMain] com.work.commuity2.Commuity2Application  : Started Commuity2Application in 0.443 seconds (JVM running for 803.652)
2022-05-24 17:24:16.034  INFO 17136 --- [restartedMain] .ConditionEvaluationDeltaLoggingListener : Condition evaluation unchanged
2022-05-24 18:55:16.397  INFO 17136 --- [restartedMain] com.work.commuity2.Commuity2Application  : Starting Commuity2Application using Java 1.8.0_321 on LAPTOP-3RDERNRF with PID 17136 (F:\Java 学习\commuity2\target\classes started by 秀 in F:\Java 学习\commuity2)
2022-05-24 18:55:16.413  INFO 17136 --- [restartedMain] com.work.commuity2.Commuity2Application  : No active profile set, falling back to 1 default profile: "default"
2022-05-24 18:55:16.476  WARN 17136 --- [restartedMain] o.m.s.mapper.ClassPathMapperScanner      : No MyBatis mapper was found in '[com.work.commuity2.mapper]' package. Please check your configuration.
2022-05-24 18:55:16.491  WARN 17136 --- [restartedMain] o.m.s.mapper.ClassPathMapperScanner      : No MyBatis mapper was found in '[com.work.commuity2]' package. Please check your configuration.
2022-05-24 18:55:16.538  INFO 17136 --- [restartedMain] o.s.b.w.embedded.tomcat.TomcatWebServer  : Tomcat initialized with port(s): 8887 (http)
2022-05-24 18:55:16.538  INFO 17136 --- [restartedMain] o.a.catalina.core.AprLifecycleListener   : An older version [1.2.23] of the Apache Tomcat Native library is installed, while Tomcat recommends a minimum version of [1.2.30]
2022-05-24 18:55:16.538  INFO 17136 --- [restartedMain] o.a.catalina.core.AprLifecycleListener   : Loaded Apache Tomcat Native library [1.2.23] using APR version [1.7.0].
2022-05-24 18:55:16.538  INFO 17136 --- [restartedMain] o.a.catalina.core.AprLifecycleListener   : APR capabilities: IPv6 [true], sendfile [true], accept filters [false], random [true], UDS [false].
2022-05-24 18:55:16.538  INFO 17136 --- [restartedMain] o.a.catalina.core.AprLifecycleListener   : APR/OpenSSL configuration: useAprConnector [false], useOpenSSL [true]
2022-05-24 18:55:16.538  INFO 17136 --- [restartedMain] o.a.catalina.core.AprLifecycleListener   : OpenSSL successfully initialized [OpenSSL 1.1.1c  28 May 2019]
2022-05-24 18:55:16.538  INFO 17136 --- [restartedMain] o.apache.catalina.core.StandardService   : Starting service [Tomcat]
2022-05-24 18:55:16.538  INFO 17136 --- [restartedMain] org.apache.catalina.core.StandardEngine  : Starting Servlet engine: [Apache Tomcat/9.0.62]
2022-05-24 18:55:16.569  INFO 17136 --- [restartedMain] o.a.c.c.C.[Tomcat-1].[localhost].[/]     : Initializing Spring embedded WebApplicationContext
2022-05-24 18:55:16.569  INFO 17136 --- [restartedMain] w.s.c.ServletWebServerApplicationContext : Root WebApplicationContext: initialization completed in 156 ms
2022-05-24 18:55:16.616  INFO 17136 --- [restartedMain] o.s.b.a.w.s.WelcomePageHandlerMapping    : Adding welcome page template: index
2022-05-24 18:55:16.679  WARN 17136 --- [restartedMain] ConfigServletWebServerApplicationContext : Exception encountered during context initialization - cancelling refresh attempt: org.springframework.beans.factory.BeanCreationException: Error creating bean with name 'sqlSessionFactory' defined in class path resource [org/mybatis/spring/boot/autoconfigure/MybatisAutoConfiguration.class]: Bean instantiation via factory method failed; nested exception is org.springframework.beans.BeanInstantiationException: Failed to instantiate [org.apache.ibatis.session.SqlSessionFactory]: Factory method 'sqlSessionFactory' threw exception; nested exception is org.springframework.core.NestedIOException: Failed to parse mapping resource: 'file [F:\Java 学习\commuity2\target\classes\mapper\CommentExtMapper.xml]'; nested exception is org.apache.ibatis.builder.BuilderException: Error parsing Mapper XML. The XML location is 'file [F:\Java 学习\commuity2\target\classes\mapper\CommentExtMapper.xml]'. Cause: org.apache.ibatis.builder.BuilderException: Error resolving class. Cause: org.apache.ibatis.type.TypeException: Could not resolve type alias 'com.work.commuity2.model.Comment'.  Cause: java.lang.ClassNotFoundException: Cannot find class: com.work.commuity2.model.Comment
2022-05-24 18:55:16.679  INFO 17136 --- [restartedMain] o.apache.catalina.core.StandardService   : Stopping service [Tomcat]
2022-05-24 18:55:16.694  INFO 17136 --- [restartedMain] ConditionEvaluationReportLoggingListener : 

Error starting ApplicationContext. To display the conditions report re-run your application with 'debug' enabled.
2022-05-24 18:55:16.694 ERROR 17136 --- [restartedMain] o.s.boot.SpringApplication               : Application run failed

org.springframework.beans.factory.BeanCreationException: Error creating bean with name 'sqlSessionFactory' defined in class path resource [org/mybatis/spring/boot/autoconfigure/MybatisAutoConfiguration.class]: Bean instantiation via factory method failed; nested exception is org.springframework.beans.BeanInstantiationException: Failed to instantiate [org.apache.ibatis.session.SqlSessionFactory]: Factory method 'sqlSessionFactory' threw exception; nested exception is org.springframework.core.NestedIOException: Failed to parse mapping resource: 'file [F:\Java 学习\commuity2\target\classes\mapper\CommentExtMapper.xml]'; nested exception is org.apache.ibatis.builder.BuilderException: Error parsing Mapper XML. The XML location is 'file [F:\Java 学习\commuity2\target\classes\mapper\CommentExtMapper.xml]'. Cause: org.apache.ibatis.builder.BuilderException: Error resolving class. Cause: org.apache.ibatis.type.TypeException: Could not resolve type alias 'com.work.commuity2.model.Comment'.  Cause: java.lang.ClassNotFoundException: Cannot find class: com.work.commuity2.model.Comment
	at org.springframework.beans.factory.support.ConstructorResolver.instantiate(ConstructorResolver.java:658) ~[spring-beans-5.3.19.jar:5.3.19]
	at org.springframework.beans.factory.support.ConstructorResolver.instantiateUsingFactoryMethod(ConstructorResolver.java:638) ~[spring-beans-5.3.19.jar:5.3.19]
	at org.springframework.beans.factory.support.AbstractAutowireCapableBeanFactory.instantiateUsingFactoryMethod(AbstractAutowireCapableBeanFactory.java:1352) ~[spring-beans-5.3.19.jar:5.3.19]
	at org.springframework.beans.factory.support.AbstractAutowireCapableBeanFactory.createBeanInstance(AbstractAutowireCapableBeanFactory.java:1195) ~[spring-beans-5.3.19.jar:5.3.19]
	at org.springframework.beans.factory.support.AbstractAutowireCapableBeanFactory.doCreateBean(AbstractAutowireCapableBeanFactory.java:582) ~[spring-beans-5.3.19.jar:5.3.19]
	at org.springframework.beans.factory.support.AbstractAutowireCapableBeanFactory.createBean(AbstractAutowireCapableBeanFactory.java:542) ~[spring-beans-5.3.19.jar:5.3.19]
	at org.springframework.beans.factory.support.AbstractBeanFactory.lambda$doGetBean$0(AbstractBeanFactory.java:335) ~[spring-beans-5.3.19.jar:5.3.19]
	at org.springframework.beans.factory.support.DefaultSingletonBeanRegistry.getSingleton(DefaultSingletonBeanRegistry.java:234) ~[spring-beans-5.3.19.jar:5.3.19]
	at org.springframework.beans.factory.support.AbstractBeanFactory.doGetBean(AbstractBeanFactory.java:333) ~[spring-beans-5.3.19.jar:5.3.19]
	at org.springframework.beans.factory.support.AbstractBeanFactory.getBean(AbstractBeanFactory.java:208) ~[spring-beans-5.3.19.jar:5.3.19]
	at org.springframework.beans.factory.support.DefaultListableBeanFactory.preInstantiateSingletons(DefaultListableBeanFactory.java:953) ~[spring-beans-5.3.19.jar:5.3.19]
	at org.springframework.context.support.AbstractApplicationContext.finishBeanFactoryInitialization(AbstractApplicationContext.java:918) ~[spring-context-5.3.19.jar:5.3.19]
	at org.springframework.context.support.AbstractApplicationContext.refresh(AbstractApplicationContext.java:583) ~[spring-context-5.3.19.jar:5.3.19]
	at org.springframework.boot.web.servlet.context.ServletWebServerApplicationContext.refresh(ServletWebServerApplicationContext.java:145) ~[spring-boot-2.6.7.jar:2.6.7]
	at org.springframework.boot.SpringApplication.refresh(SpringApplication.java:740) [spring-boot-2.6.7.jar:2.6.7]
	at org.springframework.boot.SpringApplication.refreshContext(SpringApplication.java:415) [spring-boot-2.6.7.jar:2.6.7]
	at org.springframework.boot.SpringApplication.run(SpringApplication.java:303) [spring-boot-2.6.7.jar:2.6.7]
	at org.springframework.boot.SpringApplication.run(SpringApplication.java:1312) [spring-boot-2.6.7.jar:2.6.7]
	at org.springframework.boot.SpringApplication.run(SpringApplication.java:1301) [spring-boot-2.6.7.jar:2.6.7]
	at com.work.commuity2.Commuity2Application.main(Commuity2Application.java:12) [classes/:na]
	at sun.reflect.NativeMethodAccessorImpl.invoke0(Native Method) ~[na:1.8.0_321]
	at sun.reflect.NativeMethodAccessorImpl.invoke(NativeMethodAccessorImpl.java:62) ~[na:1.8.0_321]
	at sun.reflect.DelegatingMethodAccessorImpl.invoke(DelegatingMethodAccessorImpl.java:43) ~[na:1.8.0_321]
	at java.lang.reflect.Method.invoke(Method.java:498) ~[na:1.8.0_321]
	at org.springframework.boot.devtools.restart.RestartLauncher.run(RestartLauncher.java:49) [spring-boot-devtools-2.6.7.jar:2.6.7]
Caused by: org.springframework.beans.BeanInstantiationException: Failed to instantiate [org.apache.ibatis.session.SqlSessionFactory]: Factory method 'sqlSessionFactory' threw exception; nested exception is org.springframework.core.NestedIOException: Failed to parse mapping resource: 'file [F:\Java 学习\commuity2\target\classes\mapper\CommentExtMapper.xml]'; nested exception is org.apache.ibatis.builder.BuilderException: Error parsing Mapper XML. The XML location is 'file [F:\Java 学习\commuity2\target\classes\mapper\CommentExtMapper.xml]'. Cause: org.apache.ibatis.builder.BuilderException: Error resolving class. Cause: org.apache.ibatis.type.TypeException: Could not resolve type alias 'com.work.commuity2.model.Comment'.  Cause: java.lang.ClassNotFoundException: Cannot find class: com.work.commuity2.model.Comment
	at org.springframework.beans.factory.support.SimpleInstantiationStrategy.instantiate(SimpleInstantiationStrategy.java:185) ~[spring-beans-5.3.19.jar:5.3.19]
	at org.springframework.beans.factory.support.ConstructorResolver.instantiate(ConstructorResolver.java:653) ~[spring-beans-5.3.19.jar:5.3.19]
	... 24 common frames omitted
Caused by: org.springframework.core.NestedIOException: Failed to parse mapping resource: 'file [F:\Java 学习\commuity2\target\classes\mapper\CommentExtMapper.xml]'; nested exception is org.apache.ibatis.builder.BuilderException: Error parsing Mapper XML. The XML location is 'file [F:\Java 学习\commuity2\target\classes\mapper\CommentExtMapper.xml]'. Cause: org.apache.ibatis.builder.BuilderException: Error resolving class. Cause: org.apache.ibatis.type.TypeException: Could not resolve type alias 'com.work.commuity2.model.Comment'.  Cause: java.lang.ClassNotFoundException: Cannot find class: com.work.commuity2.model.Comment
	at org.mybatis.spring.SqlSessionFactoryBean.buildSqlSessionFactory(SqlSessionFactoryBean.java:534) ~[mybatis-spring-2.0.1.jar:2.0.1]
	at org.mybatis.spring.SqlSessionFactoryBean.afterPropertiesSet(SqlSessionFactoryBean.java:424) ~[mybatis-spring-2.0.1.jar:2.0.1]
	at org.mybatis.spring.SqlSessionFactoryBean.getObject(SqlSessionFactoryBean.java:554) ~[mybatis-spring-2.0.1.jar:2.0.1]
	at org.mybatis.spring.boot.autoconfigure.MybatisAutoConfiguration.sqlSessionFactory(MybatisAutoConfiguration.java:150) ~[mybatis-spring-boot-autoconfigure-2.0.1.jar:2.0.1]
	at org.mybatis.spring.boot.autoconfigure.MybatisAutoConfiguration$$EnhancerBySpringCGLIB$$1e3bfcc1.CGLIB$sqlSessionFactory$2(<generated>) ~[mybatis-spring-boot-autoconfigure-2.0.1.jar:2.0.1]
	at org.mybatis.spring.boot.autoconfigure.MybatisAutoConfiguration$$EnhancerBySpringCGLIB$$1e3bfcc1$$FastClassBySpringCGLIB$$ec76323c.invoke(<generated>) ~[mybatis-spring-boot-autoconfigure-2.0.1.jar:2.0.1]
	at org.springframework.cglib.proxy.MethodProxy.invokeSuper(MethodProxy.java:244) ~[spring-core-5.3.19.jar:5.3.19]
	at org.springframework.context.annotation.ConfigurationClassEnhancer$BeanMethodInterceptor.intercept(ConfigurationClassEnhancer.java:331) ~[spring-context-5.3.19.jar:5.3.19]
	at org.mybatis.spring.boot.autoconfigure.MybatisAutoConfiguration$$EnhancerBySpringCGLIB$$1e3bfcc1.sqlSessionFactory(<generated>) ~[mybatis-spring-boot-autoconfigure-2.0.1.jar:2.0.1]
	at sun.reflect.NativeMethodAccessorImpl.invoke0(Native Method) ~[na:1.8.0_321]
	at sun.reflect.NativeMethodAccessorImpl.invoke(NativeMethodAccessorImpl.java:62) ~[na:1.8.0_321]
	at sun.reflect.DelegatingMethodAccessorImpl.invoke(DelegatingMethodAccessorImpl.java:43) ~[na:1.8.0_321]
	at java.lang.reflect.Method.invoke(Method.java:498) ~[na:1.8.0_321]
	at org.springframework.beans.factory.support.SimpleInstantiationStrategy.instantiate(SimpleInstantiationStrategy.java:154) ~[spring-beans-5.3.19.jar:5.3.19]
	... 25 common frames omitted
Caused by: org.apache.ibatis.builder.BuilderException: Error parsing Mapper XML. The XML location is 'file [F:\Java 学习\commuity2\target\classes\mapper\CommentExtMapper.xml]'. Cause: org.apache.ibatis.builder.BuilderException: Error resolving class. Cause: org.apache.ibatis.type.TypeException: Could not resolve type alias 'com.work.commuity2.model.Comment'.  Cause: java.lang.ClassNotFoundException: Cannot find class: com.work.commuity2.model.Comment
	at org.apache.ibatis.builder.xml.XMLMapperBuilder.configurationElement(XMLMapperBuilder.java:122) ~[mybatis-3.5.1.jar:3.5.1]
	at org.apache.ibatis.builder.xml.XMLMapperBuilder.parse(XMLMapperBuilder.java:94) ~[mybatis-3.5.1.jar:3.5.1]
	at org.mybatis.spring.SqlSessionFactoryBean.buildSqlSessionFactory(SqlSessionFactoryBean.java:532) ~[mybatis-spring-2.0.1.jar:2.0.1]
	... 38 common frames omitted
Caused by: org.apache.ibatis.builder.BuilderException: Error resolving class. Cause: org.apache.ibatis.type.TypeException: Could not resolve type alias 'com.work.commuity2.model.Comment'.  Cause: java.lang.ClassNotFoundException: Cannot find class: com.work.commuity2.model.Comment
	at org.apache.ibatis.builder.BaseBuilder.resolveClass(BaseBuilder.java:118) ~[mybatis-3.5.1.jar:3.5.1]
	at org.apache.ibatis.builder.xml.XMLMapperBuilder.resultMapElement(XMLMapperBuilder.java:262) ~[mybatis-3.5.1.jar:3.5.1]
	at org.apache.ibatis.builder.xml.XMLMapperBuilder.resultMapElement(XMLMapperBuilder.java:253) ~[mybatis-3.5.1.jar:3.5.1]
	at org.apache.ibatis.builder.xml.XMLMapperBuilder.resultMapElements(XMLMapperBuilder.java:245) ~[mybatis-3.5.1.jar:3.5.1]
	at org.apache.ibatis.builder.xml.XMLMapperBuilder.configurationElement(XMLMapperBuilder.java:118) ~[mybatis-3.5.1.jar:3.5.1]
	... 40 common frames omitted
Caused by: org.apache.ibatis.type.TypeException: Could not resolve type alias 'com.work.commuity2.model.Comment'.  Cause: java.lang.ClassNotFoundException: Cannot find class: com.work.commuity2.model.Comment
	at org.apache.ibatis.type.TypeAliasRegistry.resolveAlias(TypeAliasRegistry.java:120) ~[mybatis-3.5.1.jar:3.5.1]
	at org.apache.ibatis.builder.BaseBuilder.resolveAlias(BaseBuilder.java:149) ~[mybatis-3.5.1.jar:3.5.1]
	at org.apache.ibatis.builder.BaseBuilder.resolveClass(BaseBuilder.java:116) ~[mybatis-3.5.1.jar:3.5.1]
	... 44 common frames omitted
Caused by: java.lang.ClassNotFoundException: Cannot find class: com.work.commuity2.model.Comment
	at org.apache.ibatis.io.ClassLoaderWrapper.classForName(ClassLoaderWrapper.java:200) ~[mybatis-3.5.1.jar:3.5.1]
	at org.apache.ibatis.io.ClassLoaderWrapper.classForName(ClassLoaderWrapper.java:89) ~[mybatis-3.5.1.jar:3.5.1]
	at org.apache.ibatis.io.Resources.classForName(Resources.java:261) ~[mybatis-3.5.1.jar:3.5.1]
	at org.apache.ibatis.type.TypeAliasRegistry.resolveAlias(TypeAliasRegistry.java:116) ~[mybatis-3.5.1.jar:3.5.1]
	... 46 common frames omitted

2022-05-24 18:55:19.756  INFO 17136 --- [restartedMain] com.work.commuity2.Commuity2Application  : Starting Commuity2Application using Java 1.8.0_321 on LAPTOP-3RDERNRF with PID 17136 (F:\Java 学习\commuity2\target\classes started by 秀 in F:\Java 学习\commuity2)
2022-05-24 18:55:19.756  INFO 17136 --- [restartedMain] com.work.commuity2.Commuity2Application  : No active profile set, falling back to 1 default profile: "default"
2022-05-24 18:55:19.994  INFO 17136 --- [restartedMain] o.s.b.w.embedded.tomcat.TomcatWebServer  : Tomcat initialized with port(s): 8887 (http)
2022-05-24 18:55:19.994  INFO 17136 --- [restartedMain] o.a.catalina.core.AprLifecycleListener   : An older version [1.2.23] of the Apache Tomcat Native library is installed, while Tomcat recommends a minimum version of [1.2.30]
2022-05-24 18:55:19.994  INFO 17136 --- [restartedMain] o.a.catalina.core.AprLifecycleListener   : Loaded Apache Tomcat Native library [1.2.23] using APR version [1.7.0].
2022-05-24 18:55:19.994  INFO 17136 --- [restartedMain] o.a.catalina.core.AprLifecycleListener   : APR capabilities: IPv6 [true], sendfile [true], accept filters [false], random [true], UDS [false].
2022-05-24 18:55:19.994  INFO 17136 --- [restartedMain] o.a.catalina.core.AprLifecycleListener   : APR/OpenSSL configuration: useAprConnector [false], useOpenSSL [true]
2022-05-24 18:55:19.994  INFO 17136 --- [restartedMain] o.a.catalina.core.AprLifecycleListener   : OpenSSL successfully initialized [OpenSSL 1.1.1c  28 May 2019]
2022-05-24 18:55:19.994  INFO 17136 --- [restartedMain] o.apache.catalina.core.StandardService   : Starting service [Tomcat]
2022-05-24 18:55:19.994  INFO 17136 --- [restartedMain] org.apache.catalina.core.StandardEngine  : Starting Servlet engine: [Apache Tomcat/9.0.62]
2022-05-24 18:55:20.025  INFO 17136 --- [restartedMain] o.a.c.c.C.[Tomcat-2].[localhost].[/]     : Initializing Spring embedded WebApplicationContext
2022-05-24 18:55:20.025  INFO 17136 --- [restartedMain] w.s.c.ServletWebServerApplicationContext : Root WebApplicationContext: initialization completed in 269 ms
2022-05-24 18:55:20.134  INFO 17136 --- [restartedMain] o.s.b.a.w.s.WelcomePageHandlerMapping    : Adding welcome page template: index
2022-05-24 18:55:20.166  INFO 17136 --- [restartedMain] o.s.b.d.a.OptionalLiveReloadServer       : LiveReload server is running on port 35729
2022-05-24 18:55:20.181  INFO 17136 --- [restartedMain] o.s.b.w.embedded.tomcat.TomcatWebServer  : Tomcat started on port(s): 8887 (http) with context path ''
2022-05-24 18:55:20.181  INFO 17136 --- [restartedMain] com.work.commuity2.Commuity2Application  : Started Commuity2Application in 0.438 seconds (JVM running for 6267.817)
2022-05-24 18:55:20.181  INFO 17136 --- [restartedMain] .ConditionEvaluationDeltaLoggingListener : Condition evaluation unchanged
2022-05-24 19:02:30.367  INFO 2052 --- [restartedMain] com.work.commuity2.Commuity2Application  : Starting Commuity2Application using Java 1.8.0_321 on LAPTOP-3RDERNRF with PID 2052 (F:\Java 学习\commuity2\target\classes started by 秀 in F:\Java 学习\commuity2)
2022-05-24 19:02:30.368  INFO 2052 --- [restartedMain] com.work.commuity2.Commuity2Application  : No active profile set, falling back to 1 default profile: "default"
2022-05-24 19:02:30.422  INFO 2052 --- [restartedMain] .e.DevToolsPropertyDefaultsPostProcessor : Devtools property defaults active! Set 'spring.devtools.add-properties' to 'false' to disable
2022-05-24 19:02:30.423  INFO 2052 --- [restartedMain] .e.DevToolsPropertyDefaultsPostProcessor : For additional web related logging consider setting the 'logging.level.web' property to 'DEBUG'
2022-05-24 19:02:31.437  INFO 2052 --- [restartedMain] o.s.b.w.embedded.tomcat.TomcatWebServer  : Tomcat initialized with port(s): 8887 (http)
2022-05-24 19:02:31.438  INFO 2052 --- [restartedMain] o.a.catalina.core.AprLifecycleListener   : An older version [1.2.23] of the Apache Tomcat Native library is installed, while Tomcat recommends a minimum version of [1.2.30]
2022-05-24 19:02:31.438  INFO 2052 --- [restartedMain] o.a.catalina.core.AprLifecycleListener   : Loaded Apache Tomcat Native library [1.2.23] using APR version [1.7.0].
2022-05-24 19:02:31.438  INFO 2052 --- [restartedMain] o.a.catalina.core.AprLifecycleListener   : APR capabilities: IPv6 [true], sendfile [true], accept filters [false], random [true], UDS [false].
2022-05-24 19:02:31.438  INFO 2052 --- [restartedMain] o.a.catalina.core.AprLifecycleListener   : APR/OpenSSL configuration: useAprConnector [false], useOpenSSL [true]
2022-05-24 19:02:31.441  INFO 2052 --- [restartedMain] o.a.catalina.core.AprLifecycleListener   : OpenSSL successfully initialized [OpenSSL 1.1.1c  28 May 2019]
2022-05-24 19:02:31.447  INFO 2052 --- [restartedMain] o.apache.catalina.core.StandardService   : Starting service [Tomcat]
2022-05-24 19:02:31.447  INFO 2052 --- [restartedMain] org.apache.catalina.core.StandardEngine  : Starting Servlet engine: [Apache Tomcat/9.0.62]
2022-05-24 19:02:31.534  INFO 2052 --- [restartedMain] o.a.c.c.C.[Tomcat].[localhost].[/]       : Initializing Spring embedded WebApplicationContext
2022-05-24 19:02:31.535  INFO 2052 --- [restartedMain] w.s.c.ServletWebServerApplicationContext : Root WebApplicationContext: initialization completed in 1112 ms
2022-05-24 19:02:32.086  INFO 2052 --- [restartedMain] o.s.b.a.w.s.WelcomePageHandlerMapping    : Adding welcome page template: index
2022-05-24 19:02:32.285  INFO 2052 --- [restartedMain] o.s.b.d.a.OptionalLiveReloadServer       : LiveReload server is running on port 35729
2022-05-24 19:02:32.316  INFO 2052 --- [restartedMain] o.s.b.w.embedded.tomcat.TomcatWebServer  : Tomcat started on port(s): 8887 (http) with context path ''
2022-05-24 19:02:32.325  INFO 2052 --- [restartedMain] com.work.commuity2.Commuity2Application  : Started Commuity2Application in 2.371 seconds (JVM running for 4.351)
